<?xml version="1.0" encoding="UTF-8"?>
<testsuite name="AccountServiceTest" tests="1" skipped="0" failures="0" errors="0" timestamp="2026-04-09T15:31:44.056Z" hostname="Olivers-MacBook-Pro-2.local" time="1.846">
  <properties/>
  <testcase name="start" classname="AccountServiceTest" time="1.846"/>
  <system-out><![CDATA[?[1;31m
Start test 1?[0m
?[0;34m
?[0m?[0;34m  .   ____          _            __ _ _
?[0m?[0;34m /\\ / ___'_ __ _ _(_)_ __  __ _ \ \ \ \
?[0m?[0;34m( ( )\___ | '_ | '_| | '_ \/ _` | \ \ \ \
?[0m?[0;34m \\/  ___)| |_)| | | | | || (_| |  ) ) ) )
?[0m?[0;34m  '  |____| .__|_| |_|_| |_\__, | / / / /
?[0m?[0;34m =========|_|==============|___/=/_/_/_/
?[0m?[0;34m
?[0m?[0;34m :: Spring Boot ::                (v3.5.9)
?[0m?[0;34m
?[0m?[0;34m2026-04-09T17:31:44.456+02:00  INFO 54373 --- [    Test worker] account.AccountServiceApplicationKt      : Starting AccountServiceApplicationKt using Java 23.0.2 with PID 54373 (started by oliverjaramillo in /Users/oliverjaramillo/Local Documents/Hyperskill/Account Service (Kotlin)/Account Service (Kotlin)/task)
?[0m?[0;34m2026-04-09T17:31:44.457+02:00 DEBUG 54373 --- [    Test worker] account.AccountServiceApplicationKt      : Running with Spring Boot v3.5.9, Spring v6.2.15
?[0m?[0;34m2026-04-09T17:31:44.458+02:00  INFO 54373 --- [    Test worker] account.AccountServiceApplicationKt      : No active profile set, falling back to 1 default profile: "default"
?[0m?[0;34m2026-04-09T17:31:45.026+02:00  INFO 54373 --- [    Test worker] o.s.b.w.embedded.tomcat.TomcatWebServer  : Tomcat initialized with port 28852 (http)
?[0m?[0;34m2026-04-09T17:31:45.034+02:00  INFO 54373 --- [    Test worker] o.apache.catalina.core.StandardService   : Starting service [Tomcat]
?[0m?[0;34m2026-04-09T17:31:45.034+02:00  INFO 54373 --- [    Test worker] o.apache.catalina.core.StandardEngine    : Starting Servlet engine: [Apache Tomcat/10.1.50]
?[0m?[0;34m2026-04-09T17:31:45.059+02:00  INFO 54373 --- [    Test worker] o.a.c.c.C.[Tomcat].[localhost].[/]       : Initializing Spring embedded WebApplicationContext
?[0m?[0;34m2026-04-09T17:31:45.060+02:00  INFO 54373 --- [    Test worker] w.s.c.ServletWebServerApplicationContext : Root WebApplicationContext: initialization completed in 576 ms
?[0m?[0;34m2026-04-09T17:31:45.124+02:00 DEBUG 54373 --- [    Test worker] o.s.w.f.ServerHttpObservationFilter      : Filter 'webMvcObservationFilter' configured for use
?[0m?[0;34m2026-04-09T17:31:45.315+02:00 DEBUG 54373 --- [    Test worker] s.w.s.m.m.a.RequestMappingHandlerMapping : 3 mappings in 'requestMappingHandlerMapping'
?[0m?[0;34m2026-04-09T17:31:45.347+02:00 DEBUG 54373 --- [    Test worker] o.s.w.s.handler.SimpleUrlHandlerMapping  : Patterns [/webjars/**, /**] in 'resourceHandlerMapping'
?[0m?[0;34m2026-04-09T17:31:45.358+02:00 DEBUG 54373 --- [    Test worker] s.w.s.m.m.a.RequestMappingHandlerAdapter : ControllerAdvice beans: 0 @ModelAttribute, 0 @InitBinder, 1 RequestBodyAdvice, 1 ResponseBodyAdvice
?[0m?[0;34m2026-04-09T17:31:45.380+02:00 DEBUG 54373 --- [    Test worker] .m.m.a.ExceptionHandlerExceptionResolver : ControllerAdvice beans: 1 @ExceptionHandler, 1 ResponseBodyAdvice
?[0m?[0;34m2026-04-09T17:31:45.496+02:00  INFO 54373 --- [    Test worker] o.s.b.a.e.web.EndpointLinksResolver      : Exposing 14 endpoints beneath base path '/actuator'
?[0m?[0;34m2026-04-09T17:31:45.525+02:00  INFO 54373 --- [    Test worker] o.s.b.w.embedded.tomcat.TomcatWebServer  : Tomcat started on port 28852 (http) with context path '/'
?[0m?[0;34m2026-04-09T17:31:45.534+02:00  INFO 54373 --- [    Test worker] account.AccountServiceApplicationKt      : Started AccountServiceApplicationKt in 1.265 seconds (process running for 1.76)
?[0;34m2026-04-09T17:31:45.705+02:00  INFO 54373 --- [io-28852-exec-1] o.a.c.c.C.[Tomcat].[localhost].[/]       : Initializing Spring DispatcherServlet 'dispatcherServlet'
?[0m?[0;34m2026-04-09T17:31:45.705+02:00  INFO 54373 --- [io-28852-exec-1] o.s.web.servlet.DispatcherServlet        : Initializing Servlet 'dispatcherServlet'
?[0m?[0;34m2026-04-09T17:31:45.705+02:00 DEBUG 54373 --- [io-28852-exec-1] o.s.web.servlet.DispatcherServlet        : Detected StandardServletMultipartResolver
?[0m?[0;34m2026-04-09T17:31:45.705+02:00 DEBUG 54373 --- [io-28852-exec-1] o.s.web.servlet.DispatcherServlet        : Detected AcceptHeaderLocaleResolver
?[0m?[0;34m2026-04-09T17:31:45.706+02:00 DEBUG 54373 --- [io-28852-exec-1] o.s.web.servlet.DispatcherServlet        : Detected FixedThemeResolver
?[0m?[0;34m2026-04-09T17:31:45.706+02:00 DEBUG 54373 --- [io-28852-exec-1] o.s.web.servlet.DispatcherServlet        : Detected org.springframework.web.servlet.view.DefaultRequestToViewNameTranslator@a6dc4e6
?[0m?[0;34m2026-04-09T17:31:45.706+02:00 DEBUG 54373 --- [io-28852-exec-1] o.s.web.servlet.DispatcherServlet        : Detected org.springframework.web.servlet.support.SessionFlashMapManager@2faedb64
?[0m?[0;34m2026-04-09T17:31:45.706+02:00 DEBUG 54373 --- [io-28852-exec-1] o.s.web.servlet.DispatcherServlet        : enableLoggingRequestDetails='false': request parameters and headers will be masked to prevent unsafe logging of potentially sensitive data
?[0m?[0;34m2026-04-09T17:31:45.707+02:00  INFO 54373 --- [io-28852-exec-1] o.s.web.servlet.DispatcherServlet        : Completed initialization in 2 ms
?[0m?[0;34m2026-04-09T17:31:45.714+02:00 DEBUG 54373 --- [io-28852-exec-1] o.s.web.servlet.DispatcherServlet        : POST "/api/auth/signup", parameters={}
?[0m?[0;34m2026-04-09T17:31:45.718+02:00 DEBUG 54373 --- [io-28852-exec-1] s.w.s.m.m.a.RequestMappingHandlerMapping : Mapped to account.controller.AuthController#signup(SignupRequest, HttpServletRequest)
?[0m?[0;34m2026-04-09T17:31:45.744+02:00 DEBUG 54373 --- [io-28852-exec-1] m.m.a.RequestResponseBodyMethodProcessor : Read "application/json;charset=UTF-8" to [SignupRequest(name=John, lastname=Doe, email=johndoe@acme.com, password=secret)]
?[0m?[0;34m2026-04-09T17:31:45.794+02:00 DEBUG 54373 --- [io-28852-exec-1] o.s.w.s.m.m.a.HttpEntityMethodProcessor  : Using 'application/json', given [*/*] and supported [application/json, application/*+json]
?[0m?[0;34m2026-04-09T17:31:45.795+02:00 DEBUG 54373 --- [io-28852-exec-1] o.s.w.s.m.m.a.HttpEntityMethodProcessor  : Writing [SignupResponse(name=John, lastname=Doe, email=johndoe@acme.com)]
?[0m?[0;34m2026-04-09T17:31:45.799+02:00 DEBUG 54373 --- [io-28852-exec-1] o.s.web.servlet.DispatcherServlet        : Completed 200 OK
?[0m?[1;31m
Start test 2?[0m
?[0;34m2026-04-09T17:31:45.805+02:00 DEBUG 54373 --- [io-28852-exec-2] o.s.web.servlet.DispatcherServlet        : POST "/api/auth/signup", parameters={}
?[0m?[0;34m2026-04-09T17:31:45.805+02:00 DEBUG 54373 --- [io-28852-exec-2] s.w.s.m.m.a.RequestMappingHandlerMapping : Mapped to account.controller.AuthController#signup(SignupRequest, HttpServletRequest)
?[0m?[0;34m2026-04-09T17:31:45.806+02:00 DEBUG 54373 --- [io-28852-exec-2] m.m.a.RequestResponseBodyMethodProcessor : Read "application/json;charset=UTF-8" to [SignupRequest(name=, lastname=Doe, email=johndoe@acme.com, password=secret)]
?[0m?[0;34m2026-04-09T17:31:45.813+02:00 DEBUG 54373 --- [io-28852-exec-2] o.s.w.s.m.m.a.HttpEntityMethodProcessor  : Using 'application/json', given [*/*] and supported [application/json, application/*+json]
?[0m?[0;34m2026-04-09T17:31:45.815+02:00 DEBUG 54373 --- [io-28852-exec-2] o.s.w.s.m.m.a.HttpEntityMethodProcessor  : Writing [ErrorResponse(timestamp=2026-04-09T17:31:45.806650, status=400, error=Bad Request, message=Name must (truncated)...]
?[0m?[0;34m2026-04-09T17:31:45.816+02:00 DEBUG 54373 --- [io-28852-exec-2] o.s.web.servlet.DispatcherServlet        : Completed 400 BAD_REQUEST
?[1;31m
Start test 3?[0m
?[0;34m2026-04-09T17:31:45.822+02:00 DEBUG 54373 --- [io-28852-exec-3] o.s.web.servlet.DispatcherServlet        : POST "/api/auth/signup", parameters={}
?[0m?[0;34m2026-04-09T17:31:45.823+02:00 DEBUG 54373 --- [io-28852-exec-3] s.w.s.m.m.a.RequestMappingHandlerMapping : Mapped to account.controller.AuthController#signup(SignupRequest, HttpServletRequest)
?[0m?[0;34m2026-04-09T17:31:45.823+02:00 DEBUG 54373 --- [io-28852-exec-3] m.m.a.RequestResponseBodyMethodProcessor : Read "application/json;charset=UTF-8" to [SignupRequest(name=null, lastname=Doe, email=johndoe@acme.com, password=secret)]
?[0m?[0;34m2026-04-09T17:31:45.824+02:00 DEBUG 54373 --- [io-28852-exec-3] o.s.w.s.m.m.a.HttpEntityMethodProcessor  : Using 'application/json', given [*/*] and supported [application/json, application/*+json]
?[0m?[0;34m2026-04-09T17:31:45.824+02:00 DEBUG 54373 --- [io-28852-exec-3] o.s.w.s.m.m.a.HttpEntityMethodProcessor  : Writing [ErrorResponse(timestamp=2026-04-09T17:31:45.823892, status=400, error=Bad Request, message=Name must (truncated)...]
?[0m?[0;34m2026-04-09T17:31:45.824+02:00 DEBUG 54373 --- [io-28852-exec-3] o.s.web.servlet.DispatcherServlet        : Completed 400 BAD_REQUEST
?[1;31m
Start test 4?[0m
?[0;34m2026-04-09T17:31:45.827+02:00 DEBUG 54373 --- [io-28852-exec-4] o.s.web.servlet.DispatcherServlet        : POST "/api/auth/signup", parameters={}
?[0m?[0;34m2026-04-09T17:31:45.828+02:00 DEBUG 54373 --- [io-28852-exec-4] s.w.s.m.m.a.RequestMappingHandlerMapping : Mapped to account.controller.AuthController#signup(SignupRequest, HttpServletRequest)
?[0m?[0;34m2026-04-09T17:31:45.828+02:00 DEBUG 54373 --- [io-28852-exec-4] m.m.a.RequestResponseBodyMethodProcessor : Read "application/json;charset=UTF-8" to [SignupRequest(name=John, lastname=, email=johndoe@acme.com, password=secret)]
?[0m?[0;34m2026-04-09T17:31:45.829+02:00 DEBUG 54373 --- [io-28852-exec-4] o.s.w.s.m.m.a.HttpEntityMethodProcessor  : Using 'application/json', given [*/*] and supported [application/json, application/*+json]
?[0m?[0;34m2026-04-09T17:31:45.829+02:00 DEBUG 54373 --- [io-28852-exec-4] o.s.w.s.m.m.a.HttpEntityMethodProcessor  : Writing [ErrorResponse(timestamp=2026-04-09T17:31:45.829271, status=400, error=Bad Request, message=Last name (truncated)...]
?[0m?[0;34m2026-04-09T17:31:45.830+02:00 DEBUG 54373 --- [io-28852-exec-4] o.s.web.servlet.DispatcherServlet        : Completed 400 BAD_REQUEST
?[1;31m
Start test 5?[0m
?[0;34m2026-04-09T17:31:45.833+02:00 DEBUG 54373 --- [io-28852-exec-5] o.s.web.servlet.DispatcherServlet        : POST "/api/auth/signup", parameters={}
?[0m?[0;34m2026-04-09T17:31:45.833+02:00 DEBUG 54373 --- [io-28852-exec-5] s.w.s.m.m.a.RequestMappingHandlerMapping : Mapped to account.controller.AuthController#signup(SignupRequest, HttpServletRequest)
?[0m?[0;34m2026-04-09T17:31:45.834+02:00 DEBUG 54373 --- [io-28852-exec-5] m.m.a.RequestResponseBodyMethodProcessor : Read "application/json;charset=UTF-8" to [SignupRequest(name=John, lastname=null, email=johndoe@acme.com, password=secret)]
?[0m?[0;34m2026-04-09T17:31:45.834+02:00 DEBUG 54373 --- [io-28852-exec-5] o.s.w.s.m.m.a.HttpEntityMethodProcessor  : Using 'application/json', given [*/*] and supported [application/json, application/*+json]
?[0m?[0;34m2026-04-09T17:31:45.834+02:00 DEBUG 54373 --- [io-28852-exec-5] o.s.w.s.m.m.a.HttpEntityMethodProcessor  : Writing [ErrorResponse(timestamp=2026-04-09T17:31:45.834341, status=400, error=Bad Request, message=Last name (truncated)...]
?[0m?[0;34m2026-04-09T17:31:45.835+02:00 DEBUG 54373 --- [io-28852-exec-5] o.s.web.servlet.DispatcherServlet        : Completed 400 BAD_REQUEST
?[1;31m
Start test 6?[0m
?[0;34m2026-04-09T17:31:45.838+02:00 DEBUG 54373 --- [io-28852-exec-6] o.s.web.servlet.DispatcherServlet        : POST "/api/auth/signup", parameters={}
?[0m?[0;34m2026-04-09T17:31:45.838+02:00 DEBUG 54373 --- [io-28852-exec-6] s.w.s.m.m.a.RequestMappingHandlerMapping : Mapped to account.controller.AuthController#signup(SignupRequest, HttpServletRequest)
?[0m?[0;34m2026-04-09T17:31:45.838+02:00 DEBUG 54373 --- [io-28852-exec-6] m.m.a.RequestResponseBodyMethodProcessor : Read "application/json;charset=UTF-8" to [SignupRequest(name=John, lastname=Doe, email=, password=secret)]
?[0m?[0;34m2026-04-09T17:31:45.839+02:00 DEBUG 54373 --- [io-28852-exec-6] o.s.w.s.m.m.a.HttpEntityMethodProcessor  : Using 'application/json', given [*/*] and supported [application/json, application/*+json]
?[0m?[0;34m2026-04-09T17:31:45.839+02:00 DEBUG 54373 --- [io-28852-exec-6] o.s.w.s.m.m.a.HttpEntityMethodProcessor  : Writing [ErrorResponse(timestamp=2026-04-09T17:31:45.838990, status=400, error=Bad Request, message=Email mus (truncated)...]
?[0m?[0;34m2026-04-09T17:31:45.839+02:00 DEBUG 54373 --- [io-28852-exec-6] o.s.web.servlet.DispatcherServlet        : Completed 400 BAD_REQUEST
?[1;31m
Start test 7?[0m
?[0;34m2026-04-09T17:31:45.842+02:00 DEBUG 54373 --- [io-28852-exec-7] o.s.web.servlet.DispatcherServlet        : POST "/api/auth/signup", parameters={}
?[0m?[0;34m2026-04-09T17:31:45.842+02:00 DEBUG 54373 --- [io-28852-exec-7] s.w.s.m.m.a.RequestMappingHandlerMapping : Mapped to account.controller.AuthController#signup(SignupRequest, HttpServletRequest)
?[0m?[0;34m2026-04-09T17:31:45.843+02:00 DEBUG 54373 --- [io-28852-exec-7] m.m.a.RequestResponseBodyMethodProcessor : Read "application/json;charset=UTF-8" to [SignupRequest(name=John, lastname=null, email=johndoe@acme.com, password=secret)]
?[0m?[0;34m2026-04-09T17:31:45.843+02:00 DEBUG 54373 --- [io-28852-exec-7] o.s.w.s.m.m.a.HttpEntityMethodProcessor  : Using 'application/json', given [*/*] and supported [application/json, application/*+json]
?[0m?[0;34m2026-04-09T17:31:45.843+02:00 DEBUG 54373 --- [io-28852-exec-7] o.s.w.s.m.m.a.HttpEntityMethodProcessor  : Writing [ErrorResponse(timestamp=2026-04-09T17:31:45.843510, status=400, error=Bad Request, message=Last name (truncated)...]
?[0m?[0;34m2026-04-09T17:31:45.844+02:00 DEBUG 54373 --- [io-28852-exec-7] o.s.web.servlet.DispatcherServlet        : Completed 400 BAD_REQUEST
?[1;31m
Start test 8?[0m
?[0;34m2026-04-09T17:31:45.846+02:00 DEBUG 54373 --- [io-28852-exec-8] o.s.web.servlet.DispatcherServlet        : POST "/api/auth/signup", parameters={}
?[0m?[0;34m2026-04-09T17:31:45.847+02:00 DEBUG 54373 --- [io-28852-exec-8] s.w.s.m.m.a.RequestMappingHandlerMapping : Mapped to account.controller.AuthController#signup(SignupRequest, HttpServletRequest)
?[0m?[0;34m2026-04-09T17:31:45.847+02:00 DEBUG 54373 --- [io-28852-exec-8] m.m.a.RequestResponseBodyMethodProcessor : Read "application/json;charset=UTF-8" to [SignupRequest(name=John, lastname=Doe, email=johndoe@acme.com, password=)]
?[0m?[0;34m2026-04-09T17:31:45.848+02:00 DEBUG 54373 --- [io-28852-exec-8] o.s.w.s.m.m.a.HttpEntityMethodProcessor  : Using 'application/json', given [*/*] and supported [application/json, application/*+json]
?[0m?[0;34m2026-04-09T17:31:45.848+02:00 DEBUG 54373 --- [io-28852-exec-8] o.s.w.s.m.m.a.HttpEntityMethodProcessor  : Writing [ErrorResponse(timestamp=2026-04-09T17:31:45.847877, status=400, error=Bad Request, message=Password  (truncated)...]
?[0m?[0;34m2026-04-09T17:31:45.848+02:00 DEBUG 54373 --- [io-28852-exec-8] o.s.web.servlet.DispatcherServlet        : Completed 400 BAD_REQUEST
?[1;31m
Start test 9?[0m
?[0;34m2026-04-09T17:31:45.851+02:00 DEBUG 54373 --- [io-28852-exec-9] o.s.web.servlet.DispatcherServlet        : POST "/api/auth/signup", parameters={}
?[0m?[0;34m2026-04-09T17:31:45.851+02:00 DEBUG 54373 --- [io-28852-exec-9] s.w.s.m.m.a.RequestMappingHandlerMapping : Mapped to account.controller.AuthController#signup(SignupRequest, HttpServletRequest)
?[0m?[0;34m2026-04-09T17:31:45.852+02:00 DEBUG 54373 --- [io-28852-exec-9] m.m.a.RequestResponseBodyMethodProcessor : Read "application/json;charset=UTF-8" to [SignupRequest(name=John, lastname=Doe, email=johndoe@acme.com, password=null)]
?[0m?[0;34m2026-04-09T17:31:45.852+02:00 DEBUG 54373 --- [io-28852-exec-9] o.s.w.s.m.m.a.HttpEntityMethodProcessor  : Using 'application/json', given [*/*] and supported [application/json, application/*+json]
?[0m?[0;34m2026-04-09T17:31:45.852+02:00 DEBUG 54373 --- [io-28852-exec-9] o.s.w.s.m.m.a.HttpEntityMethodProcessor  : Writing [ErrorResponse(timestamp=2026-04-09T17:31:45.852450, status=400, error=Bad Request, message=Password  (truncated)...]
?[0m?[0;34m2026-04-09T17:31:45.852+02:00 DEBUG 54373 --- [io-28852-exec-9] o.s.web.servlet.DispatcherServlet        : Completed 400 BAD_REQUEST
?[1;31m
Start test 10?[0m
?[0;34m2026-04-09T17:31:45.855+02:00 DEBUG 54373 --- [o-28852-exec-10] o.s.web.servlet.DispatcherServlet        : POST "/api/auth/signup", parameters={}
?[0m?[0;34m2026-04-09T17:31:45.856+02:00 DEBUG 54373 --- [o-28852-exec-10] s.w.s.m.m.a.RequestMappingHandlerMapping : Mapped to account.controller.AuthController#signup(SignupRequest, HttpServletRequest)
?[0m?[0;34m2026-04-09T17:31:45.856+02:00 DEBUG 54373 --- [o-28852-exec-10] m.m.a.RequestResponseBodyMethodProcessor : Read "application/json;charset=UTF-8" to [SignupRequest(name=John, lastname=Doe, email=johndoeacme.com, password=secret)]
?[0m?[0;34m2026-04-09T17:31:45.856+02:00 DEBUG 54373 --- [o-28852-exec-10] o.s.w.s.m.m.a.HttpEntityMethodProcessor  : Using 'application/json', given [*/*] and supported [application/json, application/*+json]
?[0m?[0;34m2026-04-09T17:31:45.857+02:00 DEBUG 54373 --- [o-28852-exec-10] o.s.w.s.m.m.a.HttpEntityMethodProcessor  : Writing [ErrorResponse(timestamp=2026-04-09T17:31:45.856880, status=400, error=Bad Request, message=Email dom (truncated)...]
?[0m?[0;34m2026-04-09T17:31:45.857+02:00 DEBUG 54373 --- [o-28852-exec-10] o.s.web.servlet.DispatcherServlet        : Completed 400 BAD_REQUEST
?[1;31m
Start test 11?[0m
?[0m?[0;34m2026-04-09T17:31:45.860+02:00 DEBUG 54373 --- [io-28852-exec-1] o.s.web.servlet.DispatcherServlet        : POST "/api/auth/signup", parameters={}
?[0m?[0;34m2026-04-09T17:31:45.860+02:00 DEBUG 54373 --- [io-28852-exec-1] s.w.s.m.m.a.RequestMappingHandlerMapping : Mapped to account.controller.AuthController#signup(SignupRequest, HttpServletRequest)
?[0m?[0;34m2026-04-09T17:31:45.860+02:00 DEBUG 54373 --- [io-28852-exec-1] m.m.a.RequestResponseBodyMethodProcessor : Read "application/json;charset=UTF-8" to [SignupRequest(name=John, lastname=Doe, email=johndoe@google.com, password=secret)]
?[0m?[0;34m2026-04-09T17:31:45.861+02:00 DEBUG 54373 --- [io-28852-exec-1] o.s.w.s.m.m.a.HttpEntityMethodProcessor  : Using 'application/json', given [*/*] and supported [application/json, application/*+json]
?[0m?[0;34m2026-04-09T17:31:45.861+02:00 DEBUG 54373 --- [io-28852-exec-1] o.s.w.s.m.m.a.HttpEntityMethodProcessor  : Writing [ErrorResponse(timestamp=2026-04-09T17:31:45.861138, status=400, error=Bad Request, message=Email dom (truncated)...]
?[0m?[0;34m2026-04-09T17:31:45.861+02:00 DEBUG 54373 --- [io-28852-exec-1] o.s.web.servlet.DispatcherServlet        : Completed 400 BAD_REQUEST
?[1;31m
Start test 12?[0m
?[0m?[0;34m2026-04-09T17:31:45.864+02:00 DEBUG 54373 --- [io-28852-exec-2] o.s.web.servlet.DispatcherServlet        : GET "/api/auth/signup", parameters={}
?[0m?[0;34m2026-04-09T17:31:45.866+02:00 DEBUG 54373 --- [io-28852-exec-2] .m.m.a.ExceptionHandlerExceptionResolver : Using @ExceptionHandler account.exception.GlobalExceptionHandler#handleMethodNotAllowed(HttpRequestMethodNotSupportedException, HttpServletRequest)
?[0m?[0;34m2026-04-09T17:31:45.870+02:00 DEBUG 54373 --- [io-28852-exec-2] o.s.w.s.m.m.a.HttpEntityMethodProcessor  : Using 'application/json', given [*/*] and supported [application/json, application/*+json]
?[0m?[0;34m2026-04-09T17:31:45.870+02:00 DEBUG 54373 --- [io-28852-exec-2] o.s.w.s.m.m.a.HttpEntityMethodProcessor  : Writing [ErrorResponse(timestamp=2026-04-09T17:31:45.870017, status=405, error=Method Not Allowed, message=Me (truncated)...]
?[0m?[0;34m2026-04-09T17:31:45.870+02:00 DEBUG 54373 --- [io-28852-exec-2] .m.m.a.ExceptionHandlerExceptionResolver : Resolved [org.springframework.web.HttpRequestMethodNotSupportedException: Request method 'GET' is not supported]
?[0m?[0;34m2026-04-09T17:31:45.870+02:00 DEBUG 54373 --- [io-28852-exec-2] o.s.web.servlet.DispatcherServlet        : Completed 405 METHOD_NOT_ALLOWED
?[0m?[0;34m2026-04-09T17:31:45.874+02:00 DEBUG 54373 --- [io-28852-exec-3] o.s.web.servlet.DispatcherServlet        : PUT "/api/auth/signup", parameters={}
?[0m?[0;34m2026-04-09T17:31:45.874+02:00 DEBUG 54373 --- [io-28852-exec-3] .m.m.a.ExceptionHandlerExceptionResolver : Using @ExceptionHandler account.exception.GlobalExceptionHandler#handleMethodNotAllowed(HttpRequestMethodNotSupportedException, HttpServletRequest)
?[0m?[0;34m2026-04-09T17:31:45.874+02:00 DEBUG 54373 --- [io-28852-exec-3] o.s.w.s.m.m.a.HttpEntityMethodProcessor  : Using 'application/json', given [*/*] and supported [application/json, application/*+json]
?[0m?[0;34m2026-04-09T17:31:45.875+02:00 DEBUG 54373 --- [io-28852-exec-3] o.s.w.s.m.m.a.HttpEntityMethodProcessor  : Writing [ErrorResponse(timestamp=2026-04-09T17:31:45.874776, status=405, error=Method Not Allowed, message=Me (truncated)...]
?[0m?[0;34m2026-04-09T17:31:45.875+02:00 DEBUG 54373 --- [io-28852-exec-3] .m.m.a.ExceptionHandlerExceptionResolver : Resolved [org.springframework.web.HttpRequestMethodNotSupportedException: Request method 'PUT' is not supported]
?[0m?[0;34m2026-04-09T17:31:45.875+02:00 DEBUG 54373 --- [io-28852-exec-3] o.s.web.servlet.DispatcherServlet        : Completed 405 METHOD_NOT_ALLOWED
?[0m?[0;34m2026-04-09T17:31:45.878+02:00 DEBUG 54373 --- [io-28852-exec-4] o.s.web.servlet.DispatcherServlet        : DELETE "/api/auth/signup", parameters={}
?[0m?[0;34m2026-04-09T17:31:45.878+02:00 DEBUG 54373 --- [io-28852-exec-4] .m.m.a.ExceptionHandlerExceptionResolver : Using @ExceptionHandler account.exception.GlobalExceptionHandler#handleMethodNotAllowed(HttpRequestMethodNotSupportedException, HttpServletRequest)
?[0m?[0;34m2026-04-09T17:31:45.878+02:00 DEBUG 54373 --- [io-28852-exec-4] o.s.w.s.m.m.a.HttpEntityMethodProcessor  : Using 'application/json', given [*/*] and supported [application/json, application/*+json]
?[0m?[0;34m2026-04-09T17:31:45.878+02:00 DEBUG 54373 --- [io-28852-exec-4] o.s.w.s.m.m.a.HttpEntityMethodProcessor  : Writing [ErrorResponse(timestamp=2026-04-09T17:31:45.878632, status=405, error=Method Not Allowed, message=Me (truncated)...]
?[0m?[0;34m2026-04-09T17:31:45.879+02:00 DEBUG 54373 --- [io-28852-exec-4] .m.m.a.ExceptionHandlerExceptionResolver : Resolved [org.springframework.web.HttpRequestMethodNotSupportedException: Request method 'DELETE' is not supported]
?[0m?[0;34m2026-04-09T17:31:45.879+02:00 DEBUG 54373 --- [io-28852-exec-4] o.s.web.servlet.DispatcherServlet        : Completed 405 METHOD_NOT_ALLOWED
?[1;31m
Start test 13?[0m
?[0m?[0;34m2026-04-09T17:31:45.881+02:00 DEBUG 54373 --- [io-28852-exec-5] o.s.web.servlet.DispatcherServlet        : POST "/api/auth/signup", parameters={}
?[0m?[0;34m2026-04-09T17:31:45.882+02:00 DEBUG 54373 --- [io-28852-exec-5] s.w.s.m.m.a.RequestMappingHandlerMapping : Mapped to account.controller.AuthController#signup(SignupRequest, HttpServletRequest)
?[0m?[0;34m2026-04-09T17:31:45.882+02:00 DEBUG 54373 --- [io-28852-exec-5] m.m.a.RequestResponseBodyMethodProcessor : Read "application/json;charset=UTF-8" to [SignupRequest(name=John, lastname=Doe, email=johndoe@acme.com, password=secret)]
?[0m?[0;34m2026-04-09T17:31:45.883+02:00 DEBUG 54373 --- [io-28852-exec-5] o.s.w.s.m.m.a.HttpEntityMethodProcessor  : Using 'application/json', given [*/*] and supported [application/json, application/*+json]
?[0m?[0;34m2026-04-09T17:31:45.883+02:00 DEBUG 54373 --- [io-28852-exec-5] o.s.w.s.m.m.a.HttpEntityMethodProcessor  : Writing [SignupResponse(name=John, lastname=Doe, email=johndoe@acme.com)]
?[0m?[0;34m2026-04-09T17:31:45.883+02:00 DEBUG 54373 --- [io-28852-exec-5] o.s.web.servlet.DispatcherServlet        : Completed 200 OK
?[0m?[0;34m2026-04-09T17:31:45.886+02:00 DEBUG 54373 --- [io-28852-exec-6] o.s.web.servlet.DispatcherServlet        : POST "/api/auth/signup", parameters={}
?[0m?[0;34m2026-04-09T17:31:45.886+02:00 DEBUG 54373 --- [io-28852-exec-6] s.w.s.m.m.a.RequestMappingHandlerMapping : Mapped to account.controller.AuthController#signup(SignupRequest, HttpServletRequest)
?[0m?[0;34m2026-04-09T17:31:45.886+02:00 DEBUG 54373 --- [io-28852-exec-6] m.m.a.RequestResponseBodyMethodProcessor : Read "application/json;charset=UTF-8" to [SignupRequest(name=John, lastname=Doe, email=johndoe@acme.com, password=secret)]
?[0m?[0;34m2026-04-09T17:31:45.887+02:00 DEBUG 54373 --- [io-28852-exec-6] o.s.w.s.m.m.a.HttpEntityMethodProcessor  : Using 'application/json', given [*/*] and supported [application/json, application/*+json]
?[0m?[0;34m2026-04-09T17:31:45.887+02:00 DEBUG 54373 --- [io-28852-exec-6] o.s.w.s.m.m.a.HttpEntityMethodProcessor  : Writing [SignupResponse(name=John, lastname=Doe, email=johndoe@acme.com)]
?[0m?[0;34m2026-04-09T17:31:45.887+02:00 DEBUG 54373 --- [io-28852-exec-6] o.s.web.servlet.DispatcherServlet        : Completed 200 OK
?[0m2026-04-09T17:31:45.895+02:00 DEBUG 54373 --- [io-28852-exec-7] o.s.web.servlet.DispatcherServlet        : POST "/actuator/shutdown", parameters={}
2026-04-09T17:31:45.898+02:00 DEBUG 54373 --- [io-28852-exec-7] m.m.a.RequestResponseBodyMethodProcessor : Read "application/json;charset=UTF-8" to []
2026-04-09T17:31:45.900+02:00 DEBUG 54373 --- [io-28852-exec-7] m.m.a.RequestResponseBodyMethodProcessor : Using 'application/vnd.spring-boot.actuator.v3+json', given [*/*] and supported [application/vnd.spring-boot.actuator.v3+json, application/vnd.spring-boot.actuator.v2+json, application/json]
2026-04-09T17:31:45.900+02:00 DEBUG 54373 --- [io-28852-exec-7] m.m.a.RequestResponseBodyMethodProcessor : Writing [org.springframework.boot.actuate.context.ShutdownEndpoint$ShutdownDescriptor@504308e0]
2026-04-09T17:31:45.901+02:00 DEBUG 54373 --- [io-28852-exec-7] o.s.web.servlet.DispatcherServlet        : Completed 200 OK
]]></system-out>
  <system-err><![CDATA[]]></system-err>
</testsuite>
